<?xml version="1.0" encoding="UTF-8"?>
<!-- Generated by org.testng.reporters.JUnitReportReporter -->
<testsuite hostname="Nileshs-MBP.T-mobile.com" name="com.test.WBQAAssignmentListTest" tests="1" failures="0" timestamp="13 Jan 2016 22:54:52 GMT" time="14.914" errors="0">
  <testcase name="testgetlisttest" time="14.914" classname="com.test.WBQAAssignmentListTest"/>
</testsuite> <!-- com.test.WBQAAssignmentListTest -->
