<?xml version="1.0" encoding="UTF-8"?>
<!-- Generated by org.testng.reporters.JUnitReportReporter -->
<testsuite hostname="Nileshs-MBP.T-mobile.com" name="com.test.RegisterPageTest" tests="1" failures="0" timestamp="29 Nov 2015 00:21:39 GMT" time="2.740" errors="0">
  <testcase name="testValidateRegistration" time="2.740" classname="com.test.RegisterPageTest"/>
</testsuite> <!-- com.test.RegisterPageTest -->
