<?xml version="1.0" encoding="UTF-8"?>
<!-- Generated by org.testng.reporters.JUnitReportReporter -->
<testsuite hostname="Nileshs-MBP.T-mobile.com" name="com.testshilpi.BBsignuptest" tests="1" failures="0" timestamp="10 Jan 2016 02:07:46 GMT" time="20.087" errors="0">
  <testcase name="testsignup" time="20.087" classname="com.testshilpi.BBsignuptest"/>
</testsuite> <!-- com.testshilpi.BBsignuptest -->
