<?xml version="1.0" encoding="UTF-8"?>
<!-- Generated by org.testng.reporters.JUnitReportReporter -->
<testsuite hostname="Nileshs-MBP.T-mobile.com" name="com.testshilpi.bestbuyHomepageTest" tests="2" failures="0" timestamp="13 Jan 2016 22:15:13 GMT" time="12.620" errors="0">
  <testcase name="gerProductListItems" time="6.608" classname="com.testshilpi.bestbuyHomepageTest"/>
  <testcase name="testserach" time="6.012" classname="com.testshilpi.bestbuyHomepageTest"/>
</testsuite> <!-- com.testshilpi.bestbuyHomepageTest -->
