<?xml version="1.0" encoding="UTF-8"?>
<!-- Generated by org.testng.reporters.JUnitReportReporter -->
<testsuite hostname="Nileshs-MBP.T-mobile.com" name="com.test.gmailregistrationtrialtest" tests="2" failures="0" timestamp="5 Jan 2016 23:12:48 GMT" time="7.381" errors="0">
  <testcase name="testValidateRegistration" time="5.984" classname="com.test.gmailregistrationtrialtest"/>
  <testcase name="testgetlinks" time="1.397" classname="com.test.gmailregistrationtrialtest"/>
</testsuite> <!-- com.test.gmailregistrationtrialtest -->
