<?xml version="1.0" encoding="UTF-8"?>
<!-- Generated by org.testng.reporters.JUnitReportReporter -->
<testsuite hostname="Nileshs-MBP.T-mobile.com" name="com.test.RegisterPageTest" tests="1" failures="0" timestamp="24 Nov 2015 22:14:19 GMT" time="2.883" errors="0">
  <testcase name="testValidateRegistration" time="2.883" classname="com.test.RegisterPageTest"/>
</testsuite> <!-- com.test.RegisterPageTest -->
