<?xml version="1.0" encoding="UTF-8"?>
<!-- Generated by org.testng.reporters.JUnitReportReporter -->
<testsuite hostname="Nileshs-MBP.T-mobile.com" name="com.test.RegisterPageTest" tests="2" failures="0" timestamp="27 Nov 2015 23:58:50 GMT" time="2.991" errors="0">
  <testcase name="testGetLInks" time="1.118" classname="com.test.RegisterPageTest"/>
  <testcase name="testValidateRegistration" time="1.873" classname="com.test.RegisterPageTest"/>
</testsuite> <!-- com.test.RegisterPageTest -->
