<?xml version="1.0" encoding="UTF-8"?>
<!-- Generated by org.testng.reporters.JUnitReportReporter -->
<testsuite hostname="Nileshs-MBP.T-mobile.com" name="com.test.RegisterPageTest" tests="1" failures="0" timestamp="26 Nov 2015 00:24:54 GMT" time="2.728" errors="0">
  <testcase name="testValidateRegistration" time="2.728" classname="com.test.RegisterPageTest"/>
</testsuite> <!-- com.test.RegisterPageTest -->
