<?xml version="1.0" encoding="UTF-8"?>
<!-- Generated by org.testng.reporters.JUnitReportReporter -->
<testsuite hostname="Nileshs-MBP.T-mobile.com" name="com.test.HomePageTest" tests="1" failures="0" timestamp="2 Jun 2016 19:59:50 GMT" time="10.820" errors="0">
  <testcase name="createaccounttest" time="10.820" classname="com.test.HomePageTest"/>
</testsuite> <!-- com.test.HomePageTest -->
