<?xml version="1.0" encoding="UTF-8"?>
<!-- Generated by org.testng.reporters.JUnitReportReporter -->
<testsuite hostname="Nileshs-MBP.T-mobile.com" name="com.test.HomePageTest" tests="2" failures="0" timestamp="25 May 2016 18:51:55 GMT" time="2.052" errors="0">
  <testcase name="testCountSocialIcons" time="0.049" classname="com.test.HomePageTest"/>
  <testcase name="clickLogin" time="2.003" classname="com.test.HomePageTest"/>
</testsuite> <!-- com.test.HomePageTest -->
